Debug log for case_65_Kopf
Ground truth file: C:/Users/MG/Desktop/STARDUST2/MedSAM-MedSAM2_MG2/data/npz_files\case_65_Kopf.npz
SAM2 file: C:/Users/MG/Desktop/STARDUST2/MedSAM-MedSAM2_MG2/results_inf_seg\2D\sam2\case_65_Kopf.npz
MedSAM2 file: C:/Users/MG/Desktop/STARDUST2/MedSAM-MedSAM2_MG2/results_inf_seg\2D\medsam2\case_65_Kopf.npz

Ground truth file keys: ['imgs', 'spacing', 'gts', 'labels']
SAM2 file keys: ['1', 'GTV']
MedSAM2 file keys: ['1', 'GTV']

Processing slice 147
  Ground truth unique labels: [0 1 2 3 4]
  Label ID 1 in ground truth: 81 pixels
  Label ID 2 in ground truth: 197 pixels
  Label ID 3 in ground truth: 19753 pixels
  Label ID 4 in ground truth: 23044 pixels
  GTV in SAM2: 1691 pixels assigned
  GTV in MedSAM2: 84 pixels assigned
Saved visualization to C:/Users/MG/Desktop/STARDUST2/MedSAM-MedSAM2_MG2/results_inf_metric\2D\comparison\visualizations\case_65_Kopf_slice147.png

Processing slice 154
  Ground truth unique labels: [0 1 2 3 4]
  Label ID 1 in ground truth: 536 pixels
  Label ID 2 in ground truth: 317 pixels
  Label ID 3 in ground truth: 17264 pixels
  Label ID 4 in ground truth: 22834 pixels
  GTV in SAM2: 1160 pixels assigned
  GTV in MedSAM2: 559 pixels assigned
Saved visualization to C:/Users/MG/Desktop/STARDUST2/MedSAM-MedSAM2_MG2/results_inf_metric\2D\comparison\visualizations\case_65_Kopf_slice154.png

Processing slice 161
  Ground truth unique labels: [0 1 2 3 4]
  Label ID 1 in ground truth: 574 pixels
  Label ID 2 in ground truth: 258 pixels
  Label ID 3 in ground truth: 16360 pixels
  Label ID 4 in ground truth: 22218 pixels
  GTV in SAM2: 1218 pixels assigned
  GTV in MedSAM2: 585 pixels assigned
Saved visualization to C:/Users/MG/Desktop/STARDUST2/MedSAM-MedSAM2_MG2/results_inf_metric\2D\comparison\visualizations\case_65_Kopf_slice161.png

Processing slice 168
  Ground truth unique labels: [0 1 2 3 4]
  Label ID 1 in ground truth: 372 pixels
  Label ID 2 in ground truth: 217 pixels
  Label ID 3 in ground truth: 15874 pixels
  Label ID 4 in ground truth: 21016 pixels
  GTV in SAM2: 1054 pixels assigned
  GTV in MedSAM2: 372 pixels assigned
Saved visualization to C:/Users/MG/Desktop/STARDUST2/MedSAM-MedSAM2_MG2/results_inf_metric\2D\comparison\visualizations\case_65_Kopf_slice168.png
