Debug log for case_48_Kopf
Ground truth file: C:/Users/MG/Desktop/STARDUST2/MedSAM-MedSAM2_MG2/data/npz_files\case_48_Kopf.npz
SAM2 file: C:/Users/MG/Desktop/STARDUST2/MedSAM-MedSAM2_MG2/results_inf_seg\2D\sam2\case_48_Kopf.npz
MedSAM2 file: C:/Users/MG/Desktop/STARDUST2/MedSAM-MedSAM2_MG2/results_inf_seg\2D\medsam2\case_48_Kopf.npz

Ground truth file keys: ['imgs', 'spacing', 'gts', 'labels']
SAM2 file keys: ['1', 'GTV']
MedSAM2 file keys: ['1', 'GTV']

Processing slice 91
  Ground truth unique labels: [0 1 2 3 4 5]
  Label ID 1 in ground truth: 354 pixels
  Label ID 2 in ground truth: 828 pixels
  Label ID 3 in ground truth: 33039 pixels
  Label ID 4 in ground truth: 16473 pixels
  Label ID 5 in ground truth: 1219 pixels
  GTV in SAM2: 4389 pixels assigned
  GTV in MedSAM2: 360 pixels assigned
Saved visualization to C:/Users/MG/Desktop/STARDUST2/MedSAM-MedSAM2_MG2/results_inf_metric\2D\comparison\visualizations\case_48_Kopf_slice91.png

Processing slice 95
  Ground truth unique labels: [0 1 2 3 4 5]
  Label ID 1 in ground truth: 921 pixels
  Label ID 2 in ground truth: 744 pixels
  Label ID 3 in ground truth: 30555 pixels
  Label ID 4 in ground truth: 18975 pixels
  Label ID 5 in ground truth: 1077 pixels
  GTV in SAM2: 1958 pixels assigned
  GTV in MedSAM2: 903 pixels assigned
Saved visualization to C:/Users/MG/Desktop/STARDUST2/MedSAM-MedSAM2_MG2/results_inf_metric\2D\comparison\visualizations\case_48_Kopf_slice95.png

Processing slice 99
  Ground truth unique labels: [0 1 2 3 4 5]
  Label ID 1 in ground truth: 1038 pixels
  Label ID 2 in ground truth: 640 pixels
  Label ID 3 in ground truth: 29562 pixels
  Label ID 4 in ground truth: 20244 pixels
  Label ID 5 in ground truth: 976 pixels
  GTV in SAM2: 1503 pixels assigned
  GTV in MedSAM2: 992 pixels assigned
Saved visualization to C:/Users/MG/Desktop/STARDUST2/MedSAM-MedSAM2_MG2/results_inf_metric\2D\comparison\visualizations\case_48_Kopf_slice99.png

Processing slice 103
  Ground truth unique labels: [ 0  1  2  3  4  5  9 11]
  Label ID 1 in ground truth: 625 pixels
  Label ID 2 in ground truth: 708 pixels
  Label ID 3 in ground truth: 31566 pixels
  Label ID 4 in ground truth: 19597 pixels
  Label ID 5 in ground truth: 1058 pixels
  Label ID 9 in ground truth: 745 pixels
  Label ID 11 in ground truth: 400 pixels
  GTV in SAM2: 2054 pixels assigned
  GTV in MedSAM2: 614 pixels assigned
Saved visualization to C:/Users/MG/Desktop/STARDUST2/MedSAM-MedSAM2_MG2/results_inf_metric\2D\comparison\visualizations\case_48_Kopf_slice103.png
