Debug log for case_72_Thorax
Ground truth file: C:/Users/MG/Desktop/STARDUST2/MedSAM-MedSAM2_MG2/data/npz_files\case_72_Thorax.npz
SAM2 file: C:/Users/MG/Desktop/STARDUST2/MedSAM-MedSAM2_MG2/results_inf_seg\2D\sam2\case_72_Thorax.npz
MedSAM2 file: C:/Users/MG/Desktop/STARDUST2/MedSAM-MedSAM2_MG2/results_inf_seg\2D\medsam2\case_72_Thorax.npz

Ground truth file keys: ['imgs', 'spacing', 'gts', 'labels']
SAM2 file keys: ['1', 'GTV']
MedSAM2 file keys: ['1', 'GTV']

Processing slice 140
  Ground truth unique labels: [ 0  1  4  5  6  7  8 14 15 16 19 20 21]
  Label ID 1 in ground truth: 61 pixels
  Label ID 4 in ground truth: 6054 pixels
  Label ID 5 in ground truth: 5824 pixels
  Label ID 6 in ground truth: 5003 pixels
  Label ID 7 in ground truth: 5440 pixels
  Label ID 8 in ground truth: 4769 pixels
  Label ID 14 in ground truth: 175 pixels
  Label ID 15 in ground truth: 21 pixels
  Label ID 16 in ground truth: 276 pixels
  Label ID 19 in ground truth: 30 pixels
  Label ID 20 in ground truth: 112 pixels
  Label ID 21 in ground truth: 3 pixels
  GTV in SAM2: 1192 pixels assigned
  GTV in MedSAM2: 64 pixels assigned
Saved visualization to C:/Users/MG/Desktop/STARDUST2/MedSAM-MedSAM2_MG2/results_inf_metric\2D\comparison\visualizations\case_72_Thorax_slice140.png

Processing slice 143
  Ground truth unique labels: [ 0  1  4  5  6  7  8 14 15 16 19 20 21]
  Label ID 1 in ground truth: 488 pixels
  Label ID 4 in ground truth: 5988 pixels
  Label ID 5 in ground truth: 5732 pixels
  Label ID 6 in ground truth: 4747 pixels
  Label ID 7 in ground truth: 4529 pixels
  Label ID 8 in ground truth: 3176 pixels
  Label ID 14 in ground truth: 201 pixels
  Label ID 15 in ground truth: 38 pixels
  Label ID 16 in ground truth: 717 pixels
  Label ID 19 in ground truth: 94 pixels
  Label ID 20 in ground truth: 131 pixels
  Label ID 21 in ground truth: 9 pixels
  GTV in SAM2: 596 pixels assigned
  GTV in MedSAM2: 484 pixels assigned
Saved visualization to C:/Users/MG/Desktop/STARDUST2/MedSAM-MedSAM2_MG2/results_inf_metric\2D\comparison\visualizations\case_72_Thorax_slice143.png

Processing slice 146
  Ground truth unique labels: [ 0  1  4  5  6  7  8 14 15 16 19 20 21]
  Label ID 1 in ground truth: 941 pixels
  Label ID 4 in ground truth: 5931 pixels
  Label ID 5 in ground truth: 5757 pixels
  Label ID 6 in ground truth: 3981 pixels
  Label ID 7 in ground truth: 3712 pixels
  Label ID 8 in ground truth: 2107 pixels
  Label ID 14 in ground truth: 167 pixels
  Label ID 15 in ground truth: 51 pixels
  Label ID 16 in ground truth: 550 pixels
  Label ID 19 in ground truth: 102 pixels
  Label ID 20 in ground truth: 157 pixels
  Label ID 21 in ground truth: 16 pixels
  GTV in SAM2: 927 pixels assigned
  GTV in MedSAM2: 946 pixels assigned
Saved visualization to C:/Users/MG/Desktop/STARDUST2/MedSAM-MedSAM2_MG2/results_inf_metric\2D\comparison\visualizations\case_72_Thorax_slice146.png

Processing slice 149
  Ground truth unique labels: [ 0  1  4  5  6  7  8 14 15 16 19 20 21]
  Label ID 1 in ground truth: 872 pixels
  Label ID 4 in ground truth: 5936 pixels
  Label ID 5 in ground truth: 5696 pixels
  Label ID 6 in ground truth: 3798 pixels
  Label ID 7 in ground truth: 2650 pixels
  Label ID 8 in ground truth: 1181 pixels
  Label ID 14 in ground truth: 211 pixels
  Label ID 15 in ground truth: 33 pixels
  Label ID 16 in ground truth: 535 pixels
  Label ID 19 in ground truth: 126 pixels
  Label ID 20 in ground truth: 201 pixels
  Label ID 21 in ground truth: 31 pixels
  GTV in SAM2: 951 pixels assigned
  GTV in MedSAM2: 870 pixels assigned
Saved visualization to C:/Users/MG/Desktop/STARDUST2/MedSAM-MedSAM2_MG2/results_inf_metric\2D\comparison\visualizations\case_72_Thorax_slice149.png
