Debug log for case_41_Kopf
Ground truth file: C:/Users/MG/Desktop/STARDUST2/MedSAM-MedSAM2_MG2/data/npz_files\case_41_Kopf.npz
SAM2 file: C:/Users/MG/Desktop/STARDUST2/MedSAM-MedSAM2_MG2/results_inf_seg\2D\sam2\case_41_Kopf.npz
MedSAM2 file: C:/Users/MG/Desktop/STARDUST2/MedSAM-MedSAM2_MG2/results_inf_seg\2D\medsam2\case_41_Kopf.npz

Ground truth file keys: ['imgs', 'spacing', 'gts', 'labels']
SAM2 file keys: ['1', 'GTV']
MedSAM2 file keys: ['1', 'GTV']

Processing slice 44
  Ground truth unique labels: [ 0  1  2  3  4  5  6  7  8  9 11 12 15 16 17 18 22 23]
  Label ID 1 in ground truth: 396 pixels
  Label ID 2 in ground truth: 731 pixels
  Label ID 3 in ground truth: 19423 pixels
  Label ID 4 in ground truth: 18671 pixels
  Label ID 5 in ground truth: 913 pixels
  Label ID 6 in ground truth: 554 pixels
  Label ID 7 in ground truth: 591 pixels
  Label ID 8 in ground truth: 426 pixels
  Label ID 9 in ground truth: 461 pixels
  Label ID 11 in ground truth: 684 pixels
  Label ID 12 in ground truth: 676 pixels
  Label ID 15 in ground truth: 323 pixels
  Label ID 16 in ground truth: 348 pixels
  Label ID 17 in ground truth: 228 pixels
  Label ID 18 in ground truth: 275 pixels
  Label ID 22 in ground truth: 22 pixels
  Label ID 23 in ground truth: 26 pixels
  GTV in SAM2: 1390 pixels assigned
  GTV in MedSAM2: 397 pixels assigned
Saved visualization to C:/Users/MG/Desktop/STARDUST2/MedSAM-MedSAM2_MG2/results_inf_metric\2D\comparison\visualizations\case_41_Kopf_slice44.png

Processing slice 46
  Ground truth unique labels: [ 0  1  2  3  4  5  6  7  8  9 11 12 15 16 17 18 19 20 21 22 23]
  Label ID 1 in ground truth: 740 pixels
  Label ID 2 in ground truth: 580 pixels
  Label ID 3 in ground truth: 18249 pixels
  Label ID 4 in ground truth: 18638 pixels
  Label ID 5 in ground truth: 975 pixels
  Label ID 6 in ground truth: 620 pixels
  Label ID 7 in ground truth: 527 pixels
  Label ID 8 in ground truth: 429 pixels
  Label ID 9 in ground truth: 441 pixels
  Label ID 11 in ground truth: 659 pixels
  Label ID 12 in ground truth: 631 pixels
  Label ID 15 in ground truth: 320 pixels
  Label ID 16 in ground truth: 329 pixels
  Label ID 17 in ground truth: 404 pixels
  Label ID 18 in ground truth: 185 pixels
  Label ID 19 in ground truth: 74 pixels
  Label ID 20 in ground truth: 212 pixels
  Label ID 21 in ground truth: 211 pixels
  Label ID 22 in ground truth: 85 pixels
  Label ID 23 in ground truth: 64 pixels
  GTV in SAM2: 943 pixels assigned
  GTV in MedSAM2: 751 pixels assigned
Saved visualization to C:/Users/MG/Desktop/STARDUST2/MedSAM-MedSAM2_MG2/results_inf_metric\2D\comparison\visualizations\case_41_Kopf_slice46.png

Processing slice 48
  Ground truth unique labels: [ 0  1  2  3  4  5  6  7  8  9 11 12 15 16 17 18 19 20 21 22 23]
  Label ID 1 in ground truth: 846 pixels
  Label ID 2 in ground truth: 468 pixels
  Label ID 3 in ground truth: 21586 pixels
  Label ID 4 in ground truth: 19657 pixels
  Label ID 5 in ground truth: 1237 pixels
  Label ID 6 in ground truth: 615 pixels
  Label ID 7 in ground truth: 603 pixels
  Label ID 8 in ground truth: 488 pixels
  Label ID 9 in ground truth: 469 pixels
  Label ID 11 in ground truth: 741 pixels
  Label ID 12 in ground truth: 688 pixels
  Label ID 15 in ground truth: 297 pixels
  Label ID 16 in ground truth: 307 pixels
  Label ID 17 in ground truth: 120 pixels
  Label ID 18 in ground truth: 95 pixels
  Label ID 19 in ground truth: 4 pixels
  Label ID 20 in ground truth: 47 pixels
  Label ID 21 in ground truth: 37 pixels
  Label ID 22 in ground truth: 49 pixels
  Label ID 23 in ground truth: 38 pixels
  GTV in SAM2: 914 pixels assigned
  GTV in MedSAM2: 859 pixels assigned
Saved visualization to C:/Users/MG/Desktop/STARDUST2/MedSAM-MedSAM2_MG2/results_inf_metric\2D\comparison\visualizations\case_41_Kopf_slice48.png

Processing slice 50
  Ground truth unique labels: [ 0  1  2  3  4  5  6  7  8  9 11 12 15 16 17 18]
  Label ID 1 in ground truth: 610 pixels
  Label ID 2 in ground truth: 532 pixels
  Label ID 3 in ground truth: 23398 pixels
  Label ID 4 in ground truth: 21597 pixels
  Label ID 5 in ground truth: 576 pixels
  Label ID 6 in ground truth: 676 pixels
  Label ID 7 in ground truth: 724 pixels
  Label ID 8 in ground truth: 488 pixels
  Label ID 9 in ground truth: 474 pixels
  Label ID 11 in ground truth: 188 pixels
  Label ID 12 in ground truth: 212 pixels
  Label ID 15 in ground truth: 212 pixels
  Label ID 16 in ground truth: 195 pixels
  Label ID 17 in ground truth: 77 pixels
  Label ID 18 in ground truth: 76 pixels
  GTV in SAM2: 609 pixels assigned
  GTV in MedSAM2: 610 pixels assigned
Saved visualization to C:/Users/MG/Desktop/STARDUST2/MedSAM-MedSAM2_MG2/results_inf_metric\2D\comparison\visualizations\case_41_Kopf_slice50.png
