Debug log for case_39_Kopf
Ground truth file: C:/Users/MG/Desktop/STARDUST2/MedSAM-MedSAM2_MG2/data/npz_files\case_39_Kopf.npz
SAM2 file: C:/Users/MG/Desktop/STARDUST2/MedSAM-MedSAM2_MG2/results_inf_seg\2D\sam2\case_39_Kopf.npz
MedSAM2 file: C:/Users/MG/Desktop/STARDUST2/MedSAM-MedSAM2_MG2/results_inf_seg\2D\medsam2\case_39_Kopf.npz

Ground truth file keys: ['imgs', 'spacing', 'gts', 'labels']
SAM2 file keys: ['1', 'GTV']
MedSAM2 file keys: ['1', 'GTV']

Processing slice 34
  Ground truth unique labels: [0 1 2 3 4]
  Label ID 1 in ground truth: 169 pixels
  Label ID 2 in ground truth: 304 pixels
  Label ID 3 in ground truth: 52622 pixels
  Label ID 4 in ground truth: 667 pixels
  GTV in SAM2: 488 pixels assigned
  GTV in MedSAM2: 180 pixels assigned
Saved visualization to C:/Users/MG/Desktop/STARDUST2/MedSAM-MedSAM2_MG2/results_inf_metric\2D\comparison\visualizations\case_39_Kopf_slice34.png

Processing slice 38
  Ground truth unique labels: [0 1 2 3 4]
  Label ID 1 in ground truth: 810 pixels
  Label ID 2 in ground truth: 410 pixels
  Label ID 3 in ground truth: 50088 pixels
  Label ID 4 in ground truth: 1270 pixels
  GTV in SAM2: 923 pixels assigned
  GTV in MedSAM2: 807 pixels assigned
Saved visualization to C:/Users/MG/Desktop/STARDUST2/MedSAM-MedSAM2_MG2/results_inf_metric\2D\comparison\visualizations\case_39_Kopf_slice38.png

Processing slice 42
  Ground truth unique labels: [ 0  1  2  3  4  5  6  8  9 13 14]
  Label ID 1 in ground truth: 1534 pixels
  Label ID 2 in ground truth: 528 pixels
  Label ID 3 in ground truth: 47760 pixels
  Label ID 4 in ground truth: 1134 pixels
  Label ID 5 in ground truth: 449 pixels
  Label ID 6 in ground truth: 486 pixels
  Label ID 8 in ground truth: 139 pixels
  Label ID 9 in ground truth: 112 pixels
  Label ID 13 in ground truth: 47 pixels
  Label ID 14 in ground truth: 19 pixels
  GTV in SAM2: 1509 pixels assigned
  GTV in MedSAM2: 1524 pixels assigned
Saved visualization to C:/Users/MG/Desktop/STARDUST2/MedSAM-MedSAM2_MG2/results_inf_metric\2D\comparison\visualizations\case_39_Kopf_slice42.png

Processing slice 46
  Ground truth unique labels: [ 0  1  2  3  4  5  6  8  9 11 12 13 14]
  Label ID 1 in ground truth: 1113 pixels
  Label ID 2 in ground truth: 489 pixels
  Label ID 3 in ground truth: 47943 pixels
  Label ID 4 in ground truth: 969 pixels
  Label ID 5 in ground truth: 643 pixels
  Label ID 6 in ground truth: 623 pixels
  Label ID 8 in ground truth: 214 pixels
  Label ID 9 in ground truth: 153 pixels
  Label ID 11 in ground truth: 183 pixels
  Label ID 12 in ground truth: 267 pixels
  Label ID 13 in ground truth: 44 pixels
  Label ID 14 in ground truth: 40 pixels
  GTV in SAM2: 1734 pixels assigned
  GTV in MedSAM2: 1137 pixels assigned
Saved visualization to C:/Users/MG/Desktop/STARDUST2/MedSAM-MedSAM2_MG2/results_inf_metric\2D\comparison\visualizations\case_39_Kopf_slice46.png
