Debug log for case_63_Abdomen
Ground truth file: C:/Users/MG/Desktop/STARDUST2/MedSAM-MedSAM2_MG2/data/npz_files\case_63_Abdomen.npz
SAM2 file: C:/Users/MG/Desktop/STARDUST2/MedSAM-MedSAM2_MG2/results_inf_seg\2D\sam2\case_63_Abdomen.npz
MedSAM2 file: C:/Users/MG/Desktop/STARDUST2/MedSAM-MedSAM2_MG2/results_inf_seg\2D\medsam2\case_63_Abdomen.npz

Ground truth file keys: ['imgs', 'spacing', 'gts', 'labels']
SAM2 file keys: ['1', 'GTV']
MedSAM2 file keys: ['1', 'GTV']

Processing slice 37
  Ground truth unique labels: [ 0  1  3  6 10 12]
  Label ID 1 in ground truth: 458 pixels
  Label ID 3 in ground truth: 68441 pixels
  Label ID 6 in ground truth: 14964 pixels
  Label ID 10 in ground truth: 1041 pixels
  Label ID 12 in ground truth: 222 pixels
  GTV in SAM2: 710 pixels assigned
  GTV in MedSAM2: 448 pixels assigned
Saved visualization to C:/Users/MG/Desktop/STARDUST2/MedSAM-MedSAM2_MG2/results_inf_metric\2D\comparison\visualizations\case_63_Abdomen_slice37.png

Processing slice 42
  Ground truth unique labels: [ 0  1  3  6 10 12]
  Label ID 1 in ground truth: 647 pixels
  Label ID 3 in ground truth: 69501 pixels
  Label ID 6 in ground truth: 14304 pixels
  Label ID 10 in ground truth: 1262 pixels
  Label ID 12 in ground truth: 198 pixels
  GTV in SAM2: 866 pixels assigned
  GTV in MedSAM2: 662 pixels assigned
Saved visualization to C:/Users/MG/Desktop/STARDUST2/MedSAM-MedSAM2_MG2/results_inf_metric\2D\comparison\visualizations\case_63_Abdomen_slice42.png

Processing slice 47
  Ground truth unique labels: [ 0  1  3  6  8 10 12]
  Label ID 1 in ground truth: 757 pixels
  Label ID 3 in ground truth: 65237 pixels
  Label ID 6 in ground truth: 16903 pixels
  Label ID 8 in ground truth: 502 pixels
  Label ID 10 in ground truth: 1214 pixels
  Label ID 12 in ground truth: 204 pixels
  GTV in SAM2: 1125 pixels assigned
  GTV in MedSAM2: 768 pixels assigned
Saved visualization to C:/Users/MG/Desktop/STARDUST2/MedSAM-MedSAM2_MG2/results_inf_metric\2D\comparison\visualizations\case_63_Abdomen_slice47.png

Processing slice 52
  Ground truth unique labels: [ 0  1  3  6  8  9 10 11 12]
  Label ID 1 in ground truth: 796 pixels
  Label ID 3 in ground truth: 62171 pixels
  Label ID 6 in ground truth: 17676 pixels
  Label ID 8 in ground truth: 1505 pixels
  Label ID 9 in ground truth: 1050 pixels
  Label ID 10 in ground truth: 1291 pixels
  Label ID 11 in ground truth: 213 pixels
  Label ID 12 in ground truth: 220 pixels
  GTV in SAM2: 2962 pixels assigned
  GTV in MedSAM2: 787 pixels assigned
Saved visualization to C:/Users/MG/Desktop/STARDUST2/MedSAM-MedSAM2_MG2/results_inf_metric\2D\comparison\visualizations\case_63_Abdomen_slice52.png
