Debug log for case_25_Kopf
Ground truth file: C:/Users/MG/Desktop/STARDUST2/MedSAM-MedSAM2_MG2/data/npz_files\case_25_Kopf.npz
SAM2 file: C:/Users/MG/Desktop/STARDUST2/MedSAM-MedSAM2_MG2/results_inf_seg\2D\sam2\case_25_Kopf.npz
MedSAM2 file: C:/Users/MG/Desktop/STARDUST2/MedSAM-MedSAM2_MG2/results_inf_seg\2D\medsam2\case_25_Kopf.npz

Ground truth file keys: ['imgs', 'spacing', 'gts', 'labels']
SAM2 file keys: ['1', 'GTV']
MedSAM2 file keys: ['1', 'GTV']

Processing slice 38
  Ground truth unique labels: [ 0  1  3  4  5  6 13 15]
  Label ID 1 in ground truth: 154 pixels
  Label ID 3 in ground truth: 18321 pixels
  Label ID 4 in ground truth: 1742 pixels
  Label ID 5 in ground truth: 5577 pixels
  Label ID 6 in ground truth: 4 pixels
  Label ID 13 in ground truth: 926 pixels
  Label ID 15 in ground truth: 188 pixels
  GTV in SAM2: 25220 pixels assigned
  GTV in MedSAM2: 152 pixels assigned
Saved visualization to C:/Users/MG/Desktop/STARDUST2/MedSAM-MedSAM2_MG2/results_inf_metric\2D\comparison\visualizations\case_25_Kopf_slice38.png

Processing slice 44
  Ground truth unique labels: [ 0  1  2  3  4  5  6  7 12]
  Label ID 1 in ground truth: 556 pixels
  Label ID 2 in ground truth: 1049 pixels
  Label ID 3 in ground truth: 15859 pixels
  Label ID 4 in ground truth: 1980 pixels
  Label ID 5 in ground truth: 8297 pixels
  Label ID 6 in ground truth: 2 pixels
  Label ID 7 in ground truth: 263 pixels
  Label ID 12 in ground truth: 62 pixels
  GTV in SAM2: 25565 pixels assigned
  GTV in MedSAM2: 534 pixels assigned
Saved visualization to C:/Users/MG/Desktop/STARDUST2/MedSAM-MedSAM2_MG2/results_inf_metric\2D\comparison\visualizations\case_25_Kopf_slice44.png

Processing slice 50
  Ground truth unique labels: [ 0  1  2  3  4  5  6  7 12]
  Label ID 1 in ground truth: 898 pixels
  Label ID 2 in ground truth: 1819 pixels
  Label ID 3 in ground truth: 14517 pixels
  Label ID 4 in ground truth: 2789 pixels
  Label ID 5 in ground truth: 9229 pixels
  Label ID 6 in ground truth: 2 pixels
  Label ID 7 in ground truth: 448 pixels
  Label ID 12 in ground truth: 71 pixels
  GTV in SAM2: 24569 pixels assigned
  GTV in MedSAM2: 994 pixels assigned
Saved visualization to C:/Users/MG/Desktop/STARDUST2/MedSAM-MedSAM2_MG2/results_inf_metric\2D\comparison\visualizations\case_25_Kopf_slice50.png

Processing slice 56
  Ground truth unique labels: [ 0  1  2  3  4  5  7  8  9 12]
  Label ID 1 in ground truth: 1871 pixels
  Label ID 2 in ground truth: 2065 pixels
  Label ID 3 in ground truth: 11746 pixels
  Label ID 4 in ground truth: 4248 pixels
  Label ID 5 in ground truth: 8598 pixels
  Label ID 7 in ground truth: 597 pixels
  Label ID 8 in ground truth: 439 pixels
  Label ID 9 in ground truth: 25 pixels
  Label ID 12 in ground truth: 49 pixels
  GTV in SAM2: 27584 pixels assigned
  GTV in MedSAM2: 1854 pixels assigned
Saved visualization to C:/Users/MG/Desktop/STARDUST2/MedSAM-MedSAM2_MG2/results_inf_metric\2D\comparison\visualizations\case_25_Kopf_slice56.png
