Debug log for case_46_Respiratorisch
Ground truth file: C:/Users/MG/Desktop/STARDUST2/MedSAM-MedSAM2_MG2/data/npz_files\case_46_Respiratorisch.npz
SAM2 file: C:/Users/MG/Desktop/STARDUST2/MedSAM-MedSAM2_MG2/results_inf_seg\2D\sam2\case_46_Respiratorisch.npz
MedSAM2 file: C:/Users/MG/Desktop/STARDUST2/MedSAM-MedSAM2_MG2/results_inf_seg\2D\medsam2\case_46_Respiratorisch.npz

Ground truth file keys: ['imgs', 'spacing', 'gts', 'labels']
SAM2 file keys: ['1', 'GTV']
MedSAM2 file keys: ['1', 'GTV']

Processing slice 46
  Ground truth unique labels: [ 0  1  2  3  5  6 10 12]
  Label ID 1 in ground truth: 651 pixels
  Label ID 2 in ground truth: 1190 pixels
  Label ID 3 in ground truth: 88341 pixels
  Label ID 5 in ground truth: 270 pixels
  Label ID 6 in ground truth: 889 pixels
  Label ID 10 in ground truth: 180 pixels
  Label ID 12 in ground truth: 159 pixels
  GTV in SAM2: 3175 pixels assigned
  GTV in MedSAM2: 662 pixels assigned
Saved visualization to C:/Users/MG/Desktop/STARDUST2/MedSAM-MedSAM2_MG2/results_inf_metric\2D\comparison\visualizations\case_46_Respiratorisch_slice46.png

Processing slice 50
  Ground truth unique labels: [ 0  1  2  3  5  6  7 10 12]
  Label ID 1 in ground truth: 844 pixels
  Label ID 2 in ground truth: 1313 pixels
  Label ID 3 in ground truth: 78411 pixels
  Label ID 5 in ground truth: 2168 pixels
  Label ID 6 in ground truth: 3405 pixels
  Label ID 7 in ground truth: 4937 pixels
  Label ID 10 in ground truth: 172 pixels
  Label ID 12 in ground truth: 127 pixels
  GTV in SAM2: 1816 pixels assigned
  GTV in MedSAM2: 837 pixels assigned
Saved visualization to C:/Users/MG/Desktop/STARDUST2/MedSAM-MedSAM2_MG2/results_inf_metric\2D\comparison\visualizations\case_46_Respiratorisch_slice50.png

Processing slice 54
  Ground truth unique labels: [ 0  1  2  3  5  6  7 10 12]
  Label ID 1 in ground truth: 671 pixels
  Label ID 2 in ground truth: 1503 pixels
  Label ID 3 in ground truth: 54355 pixels
  Label ID 5 in ground truth: 14557 pixels
  Label ID 6 in ground truth: 8529 pixels
  Label ID 7 in ground truth: 11225 pixels
  Label ID 10 in ground truth: 165 pixels
  Label ID 12 in ground truth: 142 pixels
  GTV in SAM2: 1263 pixels assigned
  GTV in MedSAM2: 700 pixels assigned
Saved visualization to C:/Users/MG/Desktop/STARDUST2/MedSAM-MedSAM2_MG2/results_inf_metric\2D\comparison\visualizations\case_46_Respiratorisch_slice54.png

Processing slice 58
  Ground truth unique labels: [ 0  1  2  3  5  6  7 10 12]
  Label ID 1 in ground truth: 624 pixels
  Label ID 2 in ground truth: 1182 pixels
  Label ID 3 in ground truth: 46544 pixels
  Label ID 5 in ground truth: 18360 pixels
  Label ID 6 in ground truth: 9905 pixels
  Label ID 7 in ground truth: 13977 pixels
  Label ID 10 in ground truth: 167 pixels
  Label ID 12 in ground truth: 149 pixels
  GTV in SAM2: 978 pixels assigned
  GTV in MedSAM2: 599 pixels assigned
Saved visualization to C:/Users/MG/Desktop/STARDUST2/MedSAM-MedSAM2_MG2/results_inf_metric\2D\comparison\visualizations\case_46_Respiratorisch_slice58.png
