Debug log for case_23_Kopf
Ground truth file: C:/Users/MG/Desktop/STARDUST2/MedSAM-MedSAM2_MG2/data/npz_files\case_23_Kopf.npz
SAM2 file: C:/Users/MG/Desktop/STARDUST2/MedSAM-MedSAM2_MG2/results_inf_seg\2D\sam2\case_23_Kopf.npz
MedSAM2 file: C:/Users/MG/Desktop/STARDUST2/MedSAM-MedSAM2_MG2/results_inf_seg\2D\medsam2\case_23_Kopf.npz

Ground truth file keys: ['imgs', 'spacing', 'gts', 'labels']
SAM2 file keys: ['1', 'GTV']
MedSAM2 file keys: ['1', 'GTV']

Processing slice 80
  Ground truth unique labels: [0 1 2 3 4 5]
  Label ID 1 in ground truth: 531 pixels
  Label ID 2 in ground truth: 362 pixels
  Label ID 3 in ground truth: 27844 pixels
  Label ID 4 in ground truth: 14035 pixels
  Label ID 5 in ground truth: 978 pixels
  GTV in SAM2: 1361 pixels assigned
  GTV in MedSAM2: 520 pixels assigned
Saved visualization to C:/Users/MG/Desktop/STARDUST2/MedSAM-MedSAM2_MG2/results_inf_metric\2D\comparison\visualizations\case_23_Kopf_slice80.png

Processing slice 87
  Ground truth unique labels: [ 0  1  2  3  4  5  8 10]
  Label ID 1 in ground truth: 1322 pixels
  Label ID 2 in ground truth: 466 pixels
  Label ID 3 in ground truth: 30444 pixels
  Label ID 4 in ground truth: 14826 pixels
  Label ID 5 in ground truth: 939 pixels
  Label ID 8 in ground truth: 240 pixels
  Label ID 10 in ground truth: 115 pixels
  GTV in SAM2: 1413 pixels assigned
  GTV in MedSAM2: 1319 pixels assigned
Saved visualization to C:/Users/MG/Desktop/STARDUST2/MedSAM-MedSAM2_MG2/results_inf_metric\2D\comparison\visualizations\case_23_Kopf_slice87.png

Processing slice 94
  Ground truth unique labels: [ 0  1  2  3  4  5  7  8 10]
  Label ID 1 in ground truth: 1332 pixels
  Label ID 2 in ground truth: 466 pixels
  Label ID 3 in ground truth: 30619 pixels
  Label ID 4 in ground truth: 15427 pixels
  Label ID 5 in ground truth: 1030 pixels
  Label ID 7 in ground truth: 276 pixels
  Label ID 8 in ground truth: 69 pixels
  Label ID 10 in ground truth: 179 pixels
  GTV in SAM2: 1511 pixels assigned
  GTV in MedSAM2: 1343 pixels assigned
Saved visualization to C:/Users/MG/Desktop/STARDUST2/MedSAM-MedSAM2_MG2/results_inf_metric\2D\comparison\visualizations\case_23_Kopf_slice94.png

Processing slice 101
  Ground truth unique labels: [ 0  1  2  3  4  6  7 11 12 13]
  Label ID 1 in ground truth: 861 pixels
  Label ID 2 in ground truth: 551 pixels
  Label ID 3 in ground truth: 27415 pixels
  Label ID 4 in ground truth: 16696 pixels
  Label ID 6 in ground truth: 465 pixels
  Label ID 7 in ground truth: 710 pixels
  Label ID 11 in ground truth: 92 pixels
  Label ID 12 in ground truth: 143 pixels
  Label ID 13 in ground truth: 37 pixels
  GTV in SAM2: 1107 pixels assigned
  GTV in MedSAM2: 862 pixels assigned
Saved visualization to C:/Users/MG/Desktop/STARDUST2/MedSAM-MedSAM2_MG2/results_inf_metric\2D\comparison\visualizations\case_23_Kopf_slice101.png
