Debug log for case_73_Kopf
Ground truth file: C:/Users/MG/Desktop/STARDUST2/MedSAM-MedSAM2_MG2/data/npz_files\case_73_Kopf.npz
SAM2 file: C:/Users/MG/Desktop/STARDUST2/MedSAM-MedSAM2_MG2/results_inf_seg\2D\sam2\case_73_Kopf.npz
MedSAM2 file: C:/Users/MG/Desktop/STARDUST2/MedSAM-MedSAM2_MG2/results_inf_seg\2D\medsam2\case_73_Kopf.npz

Ground truth file keys: ['imgs', 'spacing', 'gts', 'labels']
SAM2 file keys: ['1', 'GTV']
MedSAM2 file keys: ['1', 'GTV']

Processing slice 89
  Ground truth unique labels: [ 0  1  2  3  4  5  6  8  9 11 12 19 20 24 25]
  Label ID 1 in ground truth: 219 pixels
  Label ID 2 in ground truth: 1246 pixels
  Label ID 3 in ground truth: 25328 pixels
  Label ID 4 in ground truth: 16440 pixels
  Label ID 5 in ground truth: 691 pixels
  Label ID 6 in ground truth: 1428 pixels
  Label ID 8 in ground truth: 458 pixels
  Label ID 9 in ground truth: 466 pixels
  Label ID 11 in ground truth: 470 pixels
  Label ID 12 in ground truth: 500 pixels
  Label ID 19 in ground truth: 182 pixels
  Label ID 20 in ground truth: 176 pixels
  Label ID 24 in ground truth: 65 pixels
  Label ID 25 in ground truth: 56 pixels
  GTV in SAM2: 17529 pixels assigned
  GTV in MedSAM2: 227 pixels assigned
Saved visualization to C:/Users/MG/Desktop/STARDUST2/MedSAM-MedSAM2_MG2/results_inf_metric\2D\comparison\visualizations\case_73_Kopf_slice89.png

Processing slice 96
  Ground truth unique labels: [ 0  1  2  3  4  5  6  8  9 11 12 14 15 16 17 18 21 22 23]
  Label ID 1 in ground truth: 931 pixels
  Label ID 2 in ground truth: 932 pixels
  Label ID 3 in ground truth: 27039 pixels
  Label ID 4 in ground truth: 18048 pixels
  Label ID 5 in ground truth: 676 pixels
  Label ID 6 in ground truth: 1156 pixels
  Label ID 8 in ground truth: 387 pixels
  Label ID 9 in ground truth: 398 pixels
  Label ID 11 in ground truth: 565 pixels
  Label ID 12 in ground truth: 548 pixels
  Label ID 14 in ground truth: 333 pixels
  Label ID 15 in ground truth: 501 pixels
  Label ID 16 in ground truth: 488 pixels
  Label ID 17 in ground truth: 78 pixels
  Label ID 18 in ground truth: 124 pixels
  Label ID 21 in ground truth: 61 pixels
  Label ID 22 in ground truth: 245 pixels
  Label ID 23 in ground truth: 265 pixels
  GTV in SAM2: 2175 pixels assigned
  GTV in MedSAM2: 945 pixels assigned
Saved visualization to C:/Users/MG/Desktop/STARDUST2/MedSAM-MedSAM2_MG2/results_inf_metric\2D\comparison\visualizations\case_73_Kopf_slice96.png

Processing slice 103
  Ground truth unique labels: [ 0  1  2  3  4  5  6  8  9 14 17 18 21]
  Label ID 1 in ground truth: 1027 pixels
  Label ID 2 in ground truth: 474 pixels
  Label ID 3 in ground truth: 29614 pixels
  Label ID 4 in ground truth: 20111 pixels
  Label ID 5 in ground truth: 743 pixels
  Label ID 6 in ground truth: 1289 pixels
  Label ID 8 in ground truth: 468 pixels
  Label ID 9 in ground truth: 473 pixels
  Label ID 14 in ground truth: 560 pixels
  Label ID 17 in ground truth: 255 pixels
  Label ID 18 in ground truth: 175 pixels
  Label ID 21 in ground truth: 140 pixels
  GTV in SAM2: 3171 pixels assigned
  GTV in MedSAM2: 1053 pixels assigned
Saved visualization to C:/Users/MG/Desktop/STARDUST2/MedSAM-MedSAM2_MG2/results_inf_metric\2D\comparison\visualizations\case_73_Kopf_slice103.png

Processing slice 110
  Ground truth unique labels: [0 1 3 4 5 6]
  Label ID 1 in ground truth: 644 pixels
  Label ID 3 in ground truth: 28931 pixels
  Label ID 4 in ground truth: 24890 pixels
  Label ID 5 in ground truth: 830 pixels
  Label ID 6 in ground truth: 532 pixels
  GTV in SAM2: 5488 pixels assigned
  GTV in MedSAM2: 653 pixels assigned
Saved visualization to C:/Users/MG/Desktop/STARDUST2/MedSAM-MedSAM2_MG2/results_inf_metric\2D\comparison\visualizations\case_73_Kopf_slice110.png
