Debug log for case_42_Kopf
Ground truth file: C:/Users/MG/Desktop/STARDUST2/MedSAM-MedSAM2_MG2/data/npz_files\case_42_Kopf.npz
SAM2 file: C:/Users/MG/Desktop/STARDUST2/MedSAM-MedSAM2_MG2/results_inf_seg\2D\sam2\case_42_Kopf.npz
MedSAM2 file: C:/Users/MG/Desktop/STARDUST2/MedSAM-MedSAM2_MG2/results_inf_seg\2D\medsam2\case_42_Kopf.npz

Ground truth file keys: ['imgs', 'spacing', 'gts', 'labels']
SAM2 file keys: ['1', 'GTV']
MedSAM2 file keys: ['1', 'GTV']

Processing slice 29
  Ground truth unique labels: [ 0  1  2  3  4  5  6  7 10]
  Label ID 1 in ground truth: 70 pixels
  Label ID 2 in ground truth: 469 pixels
  Label ID 3 in ground truth: 17114 pixels
  Label ID 4 in ground truth: 1344 pixels
  Label ID 5 in ground truth: 346 pixels
  Label ID 6 in ground truth: 401 pixels
  Label ID 7 in ground truth: 100 pixels
  Label ID 10 in ground truth: 37 pixels
  GTV in SAM2: 994 pixels assigned
  GTV in MedSAM2: 64 pixels assigned
Saved visualization to C:/Users/MG/Desktop/STARDUST2/MedSAM-MedSAM2_MG2/results_inf_metric\2D\comparison\visualizations\case_42_Kopf_slice29.png

Processing slice 32
  Ground truth unique labels: [0 1 2 3 4 5 6 7 8 9]
  Label ID 1 in ground truth: 365 pixels
  Label ID 2 in ground truth: 622 pixels
  Label ID 3 in ground truth: 17353 pixels
  Label ID 4 in ground truth: 1479 pixels
  Label ID 5 in ground truth: 369 pixels
  Label ID 6 in ground truth: 528 pixels
  Label ID 7 in ground truth: 99 pixels
  Label ID 8 in ground truth: 41 pixels
  Label ID 9 in ground truth: 48 pixels
  GTV in SAM2: 1162 pixels assigned
  GTV in MedSAM2: 363 pixels assigned
Saved visualization to C:/Users/MG/Desktop/STARDUST2/MedSAM-MedSAM2_MG2/results_inf_metric\2D\comparison\visualizations\case_42_Kopf_slice32.png

Processing slice 35
  Ground truth unique labels: [0 1 2 3 4 5 6 7 8]
  Label ID 1 in ground truth: 655 pixels
  Label ID 2 in ground truth: 725 pixels
  Label ID 3 in ground truth: 17721 pixels
  Label ID 4 in ground truth: 1558 pixels
  Label ID 5 in ground truth: 723 pixels
  Label ID 6 in ground truth: 414 pixels
  Label ID 7 in ground truth: 120 pixels
  Label ID 8 in ground truth: 116 pixels
  GTV in SAM2: 1156 pixels assigned
  GTV in MedSAM2: 674 pixels assigned
Saved visualization to C:/Users/MG/Desktop/STARDUST2/MedSAM-MedSAM2_MG2/results_inf_metric\2D\comparison\visualizations\case_42_Kopf_slice35.png

Processing slice 38
  Ground truth unique labels: [0 1 2 3 4 5 7]
  Label ID 1 in ground truth: 521 pixels
  Label ID 2 in ground truth: 748 pixels
  Label ID 3 in ground truth: 18958 pixels
  Label ID 4 in ground truth: 1513 pixels
  Label ID 5 in ground truth: 742 pixels
  Label ID 7 in ground truth: 304 pixels
  GTV in SAM2: 1416 pixels assigned
  GTV in MedSAM2: 516 pixels assigned
Saved visualization to C:/Users/MG/Desktop/STARDUST2/MedSAM-MedSAM2_MG2/results_inf_metric\2D\comparison\visualizations\case_42_Kopf_slice38.png
