Debug log for case_89_Kopf
Ground truth file: C:/Users/MG/Desktop/STARDUST2/MedSAM-MedSAM2_MG2/data/npz_files\case_89_Kopf.npz
SAM2 file: C:/Users/MG/Desktop/STARDUST2/MedSAM-MedSAM2_MG2/results_inf_seg\2D\sam2\case_89_Kopf.npz
MedSAM2 file: C:/Users/MG/Desktop/STARDUST2/MedSAM-MedSAM2_MG2/results_inf_seg\2D\medsam2\case_89_Kopf.npz

Ground truth file keys: ['imgs', 'spacing', 'gts', 'labels']
SAM2 file keys: ['1', 'GTV']
MedSAM2 file keys: ['1', 'GTV']

Processing slice 71
  Ground truth unique labels: [ 0  1  3  4  6 11 12]
  Label ID 1 in ground truth: 174 pixels
  Label ID 3 in ground truth: 17801 pixels
  Label ID 4 in ground truth: 631 pixels
  Label ID 6 in ground truth: 668 pixels
  Label ID 11 in ground truth: 80 pixels
  Label ID 12 in ground truth: 76 pixels
  GTV in SAM2: 2348 pixels assigned
  GTV in MedSAM2: 176 pixels assigned
Saved visualization to C:/Users/MG/Desktop/STARDUST2/MedSAM-MedSAM2_MG2/results_inf_metric\2D\comparison\visualizations\case_89_Kopf_slice71.png

Processing slice 76
  Ground truth unique labels: [ 0  1  3  4  5  7 11]
  Label ID 1 in ground truth: 1175 pixels
  Label ID 3 in ground truth: 18743 pixels
  Label ID 4 in ground truth: 298 pixels
  Label ID 5 in ground truth: 196 pixels
  Label ID 7 in ground truth: 49 pixels
  Label ID 11 in ground truth: 59 pixels
  GTV in SAM2: 1049 pixels assigned
  GTV in MedSAM2: 1190 pixels assigned
Saved visualization to C:/Users/MG/Desktop/STARDUST2/MedSAM-MedSAM2_MG2/results_inf_metric\2D\comparison\visualizations\case_89_Kopf_slice76.png

Processing slice 81
  Ground truth unique labels: [0 1 3 4 5]
  Label ID 1 in ground truth: 1450 pixels
  Label ID 3 in ground truth: 18511 pixels
  Label ID 4 in ground truth: 219 pixels
  Label ID 5 in ground truth: 31 pixels
  GTV in SAM2: 2004 pixels assigned
  GTV in MedSAM2: 1479 pixels assigned
Saved visualization to C:/Users/MG/Desktop/STARDUST2/MedSAM-MedSAM2_MG2/results_inf_metric\2D\comparison\visualizations\case_89_Kopf_slice81.png

Processing slice 86
  Ground truth unique labels: [0 1 3 4]
  Label ID 1 in ground truth: 852 pixels
  Label ID 3 in ground truth: 18133 pixels
  Label ID 4 in ground truth: 174 pixels
  GTV in SAM2: 462 pixels assigned
  GTV in MedSAM2: 847 pixels assigned
Saved visualization to C:/Users/MG/Desktop/STARDUST2/MedSAM-MedSAM2_MG2/results_inf_metric\2D\comparison\visualizations\case_89_Kopf_slice86.png
