Debug log for case_16_Kopf
Ground truth file: C:/Users/MG/Desktop/STARDUST2/MedSAM-MedSAM2_MG2/data/npz_files\case_16_Kopf.npz
SAM2 file: C:/Users/MG/Desktop/STARDUST2/MedSAM-MedSAM2_MG2/results_inf_seg\2D\sam2\case_16_Kopf.npz
MedSAM2 file: C:/Users/MG/Desktop/STARDUST2/MedSAM-MedSAM2_MG2/results_inf_seg\2D\medsam2\case_16_Kopf.npz

Ground truth file keys: ['imgs', 'spacing', 'gts', 'labels']
SAM2 file keys: ['1', 'GTV']
MedSAM2 file keys: ['1', 'GTV']

Processing slice 131
  Ground truth unique labels: [0 1 2 3 4]
  Label ID 1 in ground truth: 59 pixels
  Label ID 2 in ground truth: 207 pixels
  Label ID 3 in ground truth: 16784 pixels
  Label ID 4 in ground truth: 24303 pixels
  GTV in SAM2: 24442 pixels assigned
  GTV in MedSAM2: 63 pixels assigned
Saved visualization to C:/Users/MG/Desktop/STARDUST2/MedSAM-MedSAM2_MG2/results_inf_metric\2D\comparison\visualizations\case_16_Kopf_slice131.png

Processing slice 136
  Ground truth unique labels: [0 1 2 3 4]
  Label ID 1 in ground truth: 322 pixels
  Label ID 2 in ground truth: 436 pixels
  Label ID 3 in ground truth: 16664 pixels
  Label ID 4 in ground truth: 22662 pixels
  GTV in SAM2: 23311 pixels assigned
  GTV in MedSAM2: 325 pixels assigned
Saved visualization to C:/Users/MG/Desktop/STARDUST2/MedSAM-MedSAM2_MG2/results_inf_metric\2D\comparison\visualizations\case_16_Kopf_slice136.png

Processing slice 141
  Ground truth unique labels: [0 1 2 3 4]
  Label ID 1 in ground truth: 515 pixels
  Label ID 2 in ground truth: 464 pixels
  Label ID 3 in ground truth: 16591 pixels
  Label ID 4 in ground truth: 20527 pixels
  GTV in SAM2: 4903 pixels assigned
  GTV in MedSAM2: 529 pixels assigned
Saved visualization to C:/Users/MG/Desktop/STARDUST2/MedSAM-MedSAM2_MG2/results_inf_metric\2D\comparison\visualizations\case_16_Kopf_slice141.png

Processing slice 146
  Ground truth unique labels: [0 1 2 3 4]
  Label ID 1 in ground truth: 512 pixels
  Label ID 2 in ground truth: 530 pixels
  Label ID 3 in ground truth: 16415 pixels
  Label ID 4 in ground truth: 17994 pixels
  GTV in SAM2: 5895 pixels assigned
  GTV in MedSAM2: 521 pixels assigned
Saved visualization to C:/Users/MG/Desktop/STARDUST2/MedSAM-MedSAM2_MG2/results_inf_metric\2D\comparison\visualizations\case_16_Kopf_slice146.png
