Debug log for case_86_Kopf
Ground truth file: C:/Users/MG/Desktop/STARDUST2/MedSAM-MedSAM2_MG2/data/npz_files\case_86_Kopf.npz
SAM2 file: C:/Users/MG/Desktop/STARDUST2/MedSAM-MedSAM2_MG2/results_inf_seg\2D\sam2\case_86_Kopf.npz
MedSAM2 file: C:/Users/MG/Desktop/STARDUST2/MedSAM-MedSAM2_MG2/results_inf_seg\2D\medsam2\case_86_Kopf.npz

Ground truth file keys: ['imgs', 'spacing', 'gts', 'labels']
SAM2 file keys: ['1', 'GTV']
MedSAM2 file keys: ['1', 'GTV']

Processing slice 64
  Ground truth unique labels: [ 0  1  2  3  4  5  6  7  8  9 17 19]
  Label ID 1 in ground truth: 177 pixels
  Label ID 2 in ground truth: 581 pixels
  Label ID 3 in ground truth: 19028 pixels
  Label ID 4 in ground truth: 3308 pixels
  Label ID 5 in ground truth: 4449 pixels
  Label ID 6 in ground truth: 544 pixels
  Label ID 7 in ground truth: 312 pixels
  Label ID 8 in ground truth: 421 pixels
  Label ID 9 in ground truth: 502 pixels
  Label ID 17 in ground truth: 34 pixels
  Label ID 19 in ground truth: 50 pixels
  GTV in SAM2: 6335 pixels assigned
  GTV in MedSAM2: 172 pixels assigned
Saved visualization to C:/Users/MG/Desktop/STARDUST2/MedSAM-MedSAM2_MG2/results_inf_metric\2D\comparison\visualizations\case_86_Kopf_slice64.png

Processing slice 75
  Ground truth unique labels: [ 0  1  2  3  4  5  6  7  8  9 15 16]
  Label ID 1 in ground truth: 1166 pixels
  Label ID 2 in ground truth: 771 pixels
  Label ID 3 in ground truth: 16030 pixels
  Label ID 4 in ground truth: 6787 pixels
  Label ID 5 in ground truth: 4449 pixels
  Label ID 6 in ground truth: 544 pixels
  Label ID 7 in ground truth: 849 pixels
  Label ID 8 in ground truth: 417 pixels
  Label ID 9 in ground truth: 245 pixels
  Label ID 15 in ground truth: 66 pixels
  Label ID 16 in ground truth: 135 pixels
  GTV in SAM2: 2140 pixels assigned
  GTV in MedSAM2: 1184 pixels assigned
Saved visualization to C:/Users/MG/Desktop/STARDUST2/MedSAM-MedSAM2_MG2/results_inf_metric\2D\comparison\visualizations\case_86_Kopf_slice75.png

Processing slice 86
  Ground truth unique labels: [ 0  1  2  3  4  5  6  7 11 13 14]
  Label ID 1 in ground truth: 1556 pixels
  Label ID 2 in ground truth: 739 pixels
  Label ID 3 in ground truth: 12150 pixels
  Label ID 4 in ground truth: 12138 pixels
  Label ID 5 in ground truth: 4449 pixels
  Label ID 6 in ground truth: 544 pixels
  Label ID 7 in ground truth: 677 pixels
  Label ID 11 in ground truth: 173 pixels
  Label ID 13 in ground truth: 64 pixels
  Label ID 14 in ground truth: 77 pixels
  GTV in SAM2: 1973 pixels assigned
  GTV in MedSAM2: 1574 pixels assigned
Saved visualization to C:/Users/MG/Desktop/STARDUST2/MedSAM-MedSAM2_MG2/results_inf_metric\2D\comparison\visualizations\case_86_Kopf_slice86.png

Processing slice 97
  Ground truth unique labels: [ 0  1  2  3  4  5  6  7 11 13]
  Label ID 1 in ground truth: 1201 pixels
  Label ID 2 in ground truth: 708 pixels
  Label ID 3 in ground truth: 12324 pixels
  Label ID 4 in ground truth: 14124 pixels
  Label ID 5 in ground truth: 4449 pixels
  Label ID 6 in ground truth: 544 pixels
  Label ID 7 in ground truth: 874 pixels
  Label ID 11 in ground truth: 129 pixels
  Label ID 13 in ground truth: 110 pixels
  GTV in SAM2: 3048 pixels assigned
  GTV in MedSAM2: 1179 pixels assigned
Saved visualization to C:/Users/MG/Desktop/STARDUST2/MedSAM-MedSAM2_MG2/results_inf_metric\2D\comparison\visualizations\case_86_Kopf_slice97.png
