Debug log for case_32_Kopf
Ground truth file: C:/Users/MG/Desktop/STARDUST2/MedSAM-MedSAM2_MG2/data/npz_files\case_32_Kopf.npz
SAM2 file: C:/Users/MG/Desktop/STARDUST2/MedSAM-MedSAM2_MG2/results_inf_seg\2D\sam2\case_32_Kopf.npz
MedSAM2 file: C:/Users/MG/Desktop/STARDUST2/MedSAM-MedSAM2_MG2/results_inf_seg\2D\medsam2\case_32_Kopf.npz

Ground truth file keys: ['imgs', 'spacing', 'gts', 'labels']
SAM2 file keys: ['1', 'GTV']
MedSAM2 file keys: ['1', 'GTV']

Processing slice 83
  Ground truth unique labels: [0 1 2 3 4 5 6 7]
  Label ID 1 in ground truth: 121 pixels
  Label ID 2 in ground truth: 264 pixels
  Label ID 3 in ground truth: 28423 pixels
  Label ID 4 in ground truth: 4231 pixels
  Label ID 5 in ground truth: 1041 pixels
  Label ID 6 in ground truth: 768 pixels
  Label ID 7 in ground truth: 251 pixels
  GTV in SAM2: 795 pixels assigned
  GTV in MedSAM2: 120 pixels assigned
Saved visualization to C:/Users/MG/Desktop/STARDUST2/MedSAM-MedSAM2_MG2/results_inf_metric\2D\comparison\visualizations\case_32_Kopf_slice83.png

Processing slice 87
  Ground truth unique labels: [0 1 2 3 4 5 6 7 8]
  Label ID 1 in ground truth: 484 pixels
  Label ID 2 in ground truth: 234 pixels
  Label ID 3 in ground truth: 27548 pixels
  Label ID 4 in ground truth: 4231 pixels
  Label ID 5 in ground truth: 1041 pixels
  Label ID 6 in ground truth: 739 pixels
  Label ID 7 in ground truth: 514 pixels
  Label ID 8 in ground truth: 202 pixels
  GTV in SAM2: 770 pixels assigned
  GTV in MedSAM2: 512 pixels assigned
Saved visualization to C:/Users/MG/Desktop/STARDUST2/MedSAM-MedSAM2_MG2/results_inf_metric\2D\comparison\visualizations\case_32_Kopf_slice87.png

Processing slice 91
  Ground truth unique labels: [ 0  1  2  3  4  5  6  7  8 10 11]
  Label ID 1 in ground truth: 620 pixels
  Label ID 2 in ground truth: 275 pixels
  Label ID 3 in ground truth: 27082 pixels
  Label ID 4 in ground truth: 4231 pixels
  Label ID 5 in ground truth: 1041 pixels
  Label ID 6 in ground truth: 642 pixels
  Label ID 7 in ground truth: 655 pixels
  Label ID 8 in ground truth: 459 pixels
  Label ID 10 in ground truth: 49 pixels
  Label ID 11 in ground truth: 91 pixels
  GTV in SAM2: 779 pixels assigned
  GTV in MedSAM2: 623 pixels assigned
Saved visualization to C:/Users/MG/Desktop/STARDUST2/MedSAM-MedSAM2_MG2/results_inf_metric\2D\comparison\visualizations\case_32_Kopf_slice91.png

Processing slice 95
  Ground truth unique labels: [ 0  1  2  3  4  5  6  7  8 10 11 13]
  Label ID 1 in ground truth: 494 pixels
  Label ID 2 in ground truth: 450 pixels
  Label ID 3 in ground truth: 28648 pixels
  Label ID 4 in ground truth: 4231 pixels
  Label ID 5 in ground truth: 1041 pixels
  Label ID 6 in ground truth: 624 pixels
  Label ID 7 in ground truth: 677 pixels
  Label ID 8 in ground truth: 592 pixels
  Label ID 10 in ground truth: 293 pixels
  Label ID 11 in ground truth: 243 pixels
  Label ID 13 in ground truth: 32 pixels
  GTV in SAM2: 885 pixels assigned
  GTV in MedSAM2: 500 pixels assigned
Saved visualization to C:/Users/MG/Desktop/STARDUST2/MedSAM-MedSAM2_MG2/results_inf_metric\2D\comparison\visualizations\case_32_Kopf_slice95.png
