Debug log for case_22_Kopf
Ground truth file: C:/Users/MG/Desktop/STARDUST2/MedSAM-MedSAM2_MG2/data/npz_files\case_22_Kopf.npz
SAM2 file: C:/Users/MG/Desktop/STARDUST2/MedSAM-MedSAM2_MG2/results_inf_seg\2D\sam2\case_22_Kopf.npz
MedSAM2 file: C:/Users/MG/Desktop/STARDUST2/MedSAM-MedSAM2_MG2/results_inf_seg\2D\medsam2\case_22_Kopf.npz

Ground truth file keys: ['imgs', 'spacing', 'gts', 'labels']
SAM2 file keys: ['1', 'GTV']
MedSAM2 file keys: ['1', 'GTV']

Processing slice 111
  Ground truth unique labels: [0 1 2 3 4]
  Label ID 1 in ground truth: 120 pixels
  Label ID 2 in ground truth: 261 pixels
  Label ID 3 in ground truth: 21842 pixels
  Label ID 4 in ground truth: 24589 pixels
  GTV in SAM2: 36185 pixels assigned
  GTV in MedSAM2: 116 pixels assigned
Saved visualization to C:/Users/MG/Desktop/STARDUST2/MedSAM-MedSAM2_MG2/results_inf_metric\2D\comparison\visualizations\case_22_Kopf_slice111.png

Processing slice 119
  Ground truth unique labels: [0 1 2 3 4]
  Label ID 1 in ground truth: 739 pixels
  Label ID 2 in ground truth: 288 pixels
  Label ID 3 in ground truth: 16240 pixels
  Label ID 4 in ground truth: 24361 pixels
  GTV in SAM2: 2217 pixels assigned
  GTV in MedSAM2: 732 pixels assigned
Saved visualization to C:/Users/MG/Desktop/STARDUST2/MedSAM-MedSAM2_MG2/results_inf_metric\2D\comparison\visualizations\case_22_Kopf_slice119.png

Processing slice 128
  Ground truth unique labels: [0 1 2 3 4]
  Label ID 1 in ground truth: 1092 pixels
  Label ID 2 in ground truth: 375 pixels
  Label ID 3 in ground truth: 15321 pixels
  Label ID 4 in ground truth: 23600 pixels
  GTV in SAM2: 1913 pixels assigned
  GTV in MedSAM2: 1097 pixels assigned
Saved visualization to C:/Users/MG/Desktop/STARDUST2/MedSAM-MedSAM2_MG2/results_inf_metric\2D\comparison\visualizations\case_22_Kopf_slice128.png

Processing slice 136
  Ground truth unique labels: [0 1 2 3 4]
  Label ID 1 in ground truth: 829 pixels
  Label ID 2 in ground truth: 367 pixels
  Label ID 3 in ground truth: 15191 pixels
  Label ID 4 in ground truth: 22711 pixels
  GTV in SAM2: 1842 pixels assigned
  GTV in MedSAM2: 840 pixels assigned
Saved visualization to C:/Users/MG/Desktop/STARDUST2/MedSAM-MedSAM2_MG2/results_inf_metric\2D\comparison\visualizations\case_22_Kopf_slice136.png
