Debug log for case_87_Mediastinum
Ground truth file: C:/Users/MG/Desktop/STARDUST2/MedSAM-MedSAM2_MG2/data/npz_files\case_87_Mediastinum.npz
SAM2 file: C:/Users/MG/Desktop/STARDUST2/MedSAM-MedSAM2_MG2/results_inf_seg\2D\sam2\case_87_Mediastinum.npz
MedSAM2 file: C:/Users/MG/Desktop/STARDUST2/MedSAM-MedSAM2_MG2/results_inf_seg\2D\medsam2\case_87_Mediastinum.npz

Ground truth file keys: ['imgs', 'spacing', 'gts', 'labels']
SAM2 file keys: ['1', 'GTV']
MedSAM2 file keys: ['1', 'GTV']

Processing slice 83
  Ground truth unique labels: [ 0  1  4  5  7  8  9 10]
  Label ID 1 in ground truth: 112 pixels
  Label ID 4 in ground truth: 7484 pixels
  Label ID 5 in ground truth: 7503 pixels
  Label ID 7 in ground truth: 116 pixels
  Label ID 8 in ground truth: 184 pixels
  Label ID 9 in ground truth: 320 pixels
  Label ID 10 in ground truth: 234 pixels
  GTV in SAM2: 345 pixels assigned
  GTV in MedSAM2: 108 pixels assigned
Saved visualization to C:/Users/MG/Desktop/STARDUST2/MedSAM-MedSAM2_MG2/results_inf_metric\2D\comparison\visualizations\case_87_Mediastinum_slice83.png

Processing slice 85
  Ground truth unique labels: [ 0  1  4  5  7  8  9 10]
  Label ID 1 in ground truth: 238 pixels
  Label ID 4 in ground truth: 7270 pixels
  Label ID 5 in ground truth: 7294 pixels
  Label ID 7 in ground truth: 138 pixels
  Label ID 8 in ground truth: 166 pixels
  Label ID 9 in ground truth: 326 pixels
  Label ID 10 in ground truth: 249 pixels
  GTV in SAM2: 428 pixels assigned
  GTV in MedSAM2: 248 pixels assigned
Saved visualization to C:/Users/MG/Desktop/STARDUST2/MedSAM-MedSAM2_MG2/results_inf_metric\2D\comparison\visualizations\case_87_Mediastinum_slice85.png

Processing slice 87
  Ground truth unique labels: [ 0  1  4  5  7  8  9 10]
  Label ID 1 in ground truth: 247 pixels
  Label ID 4 in ground truth: 6970 pixels
  Label ID 5 in ground truth: 6817 pixels
  Label ID 7 in ground truth: 165 pixels
  Label ID 8 in ground truth: 178 pixels
  Label ID 9 in ground truth: 332 pixels
  Label ID 10 in ground truth: 259 pixels
  GTV in SAM2: 449 pixels assigned
  GTV in MedSAM2: 238 pixels assigned
Saved visualization to C:/Users/MG/Desktop/STARDUST2/MedSAM-MedSAM2_MG2/results_inf_metric\2D\comparison\visualizations\case_87_Mediastinum_slice87.png

Processing slice 89
  Ground truth unique labels: [ 0  1  4  5  7  8  9 10]
  Label ID 1 in ground truth: 233 pixels
  Label ID 4 in ground truth: 6558 pixels
  Label ID 5 in ground truth: 6318 pixels
  Label ID 7 in ground truth: 176 pixels
  Label ID 8 in ground truth: 162 pixels
  Label ID 9 in ground truth: 310 pixels
  Label ID 10 in ground truth: 225 pixels
  GTV in SAM2: 303 pixels assigned
  GTV in MedSAM2: 231 pixels assigned
Saved visualization to C:/Users/MG/Desktop/STARDUST2/MedSAM-MedSAM2_MG2/results_inf_metric\2D\comparison\visualizations\case_87_Mediastinum_slice89.png
