Debug log for case_7_Kopf
Ground truth file: C:/Users/MG/Desktop/STARDUST2/MedSAM-MedSAM2_MG2/data/npz_files\case_7_Kopf.npz
SAM2 file: C:/Users/MG/Desktop/STARDUST2/MedSAM-MedSAM2_MG2/results_inf_seg\2D\sam2\case_7_Kopf.npz
MedSAM2 file: C:/Users/MG/Desktop/STARDUST2/MedSAM-MedSAM2_MG2/results_inf_seg\2D\medsam2\case_7_Kopf.npz

Ground truth file keys: ['imgs', 'spacing', 'gts', 'labels']
SAM2 file keys: ['1', 'GTV']
MedSAM2 file keys: ['1', 'GTV']

Processing slice 130
  Ground truth unique labels: [ 0  1  2  3  8 12 15 22]
  Label ID 1 in ground truth: 118 pixels
  Label ID 2 in ground truth: 267 pixels
  Label ID 3 in ground truth: 16064 pixels
  Label ID 8 in ground truth: 279 pixels
  Label ID 12 in ground truth: 331 pixels
  Label ID 15 in ground truth: 88 pixels
  Label ID 22 in ground truth: 14 pixels
  GTV in SAM2: 1056 pixels assigned
  GTV in MedSAM2: 132 pixels assigned
Saved visualization to C:/Users/MG/Desktop/STARDUST2/MedSAM-MedSAM2_MG2/results_inf_metric\2D\comparison\visualizations\case_7_Kopf_slice130.png

Processing slice 138
  Ground truth unique labels: [ 0  1  2  3  8 12 15]
  Label ID 1 in ground truth: 368 pixels
  Label ID 2 in ground truth: 309 pixels
  Label ID 3 in ground truth: 15220 pixels
  Label ID 8 in ground truth: 270 pixels
  Label ID 12 in ground truth: 377 pixels
  Label ID 15 in ground truth: 120 pixels
  GTV in SAM2: 3798 pixels assigned
  GTV in MedSAM2: 371 pixels assigned
Saved visualization to C:/Users/MG/Desktop/STARDUST2/MedSAM-MedSAM2_MG2/results_inf_metric\2D\comparison\visualizations\case_7_Kopf_slice138.png

Processing slice 146
  Ground truth unique labels: [ 0  1  2  3  8 12]
  Label ID 1 in ground truth: 409 pixels
  Label ID 2 in ground truth: 313 pixels
  Label ID 3 in ground truth: 14706 pixels
  Label ID 8 in ground truth: 232 pixels
  Label ID 12 in ground truth: 106 pixels
  GTV in SAM2: 965 pixels assigned
  GTV in MedSAM2: 411 pixels assigned
Saved visualization to C:/Users/MG/Desktop/STARDUST2/MedSAM-MedSAM2_MG2/results_inf_metric\2D\comparison\visualizations\case_7_Kopf_slice146.png

Processing slice 154
  Ground truth unique labels: [0 1 2 3]
  Label ID 1 in ground truth: 307 pixels
  Label ID 2 in ground truth: 324 pixels
  Label ID 3 in ground truth: 13777 pixels
  GTV in SAM2: 9088 pixels assigned
  GTV in MedSAM2: 291 pixels assigned
Saved visualization to C:/Users/MG/Desktop/STARDUST2/MedSAM-MedSAM2_MG2/results_inf_metric\2D\comparison\visualizations\case_7_Kopf_slice154.png
