Debug log for case_27_Kopf
Ground truth file: C:/Users/MG/Desktop/STARDUST2/MedSAM-MedSAM2_MG2/data/npz_files\case_27_Kopf.npz
SAM2 file: C:/Users/MG/Desktop/STARDUST2/MedSAM-MedSAM2_MG2/results_inf_seg\2D\sam2\case_27_Kopf.npz
MedSAM2 file: C:/Users/MG/Desktop/STARDUST2/MedSAM-MedSAM2_MG2/results_inf_seg\2D\medsam2\case_27_Kopf.npz

Ground truth file keys: ['imgs', 'spacing', 'gts', 'labels']
SAM2 file keys: ['1', 'GTV']
MedSAM2 file keys: ['1', 'GTV']

Processing slice 31
  Ground truth unique labels: [0 1 2 3 5 6]
  Label ID 1 in ground truth: 312 pixels
  Label ID 2 in ground truth: 480 pixels
  Label ID 3 in ground truth: 5700 pixels
  Label ID 5 in ground truth: 4950 pixels
  Label ID 6 in ground truth: 17181 pixels
  GTV in SAM2: 4879 pixels assigned
  GTV in MedSAM2: 314 pixels assigned
Saved visualization to C:/Users/MG/Desktop/STARDUST2/MedSAM-MedSAM2_MG2/results_inf_metric\2D\comparison\visualizations\case_27_Kopf_slice31.png

Processing slice 32
  Ground truth unique labels: [0 1 2 3 5 6 7]
  Label ID 1 in ground truth: 712 pixels
  Label ID 2 in ground truth: 390 pixels
  Label ID 3 in ground truth: 5167 pixels
  Label ID 5 in ground truth: 4899 pixels
  Label ID 6 in ground truth: 16702 pixels
  Label ID 7 in ground truth: 2 pixels
  GTV in SAM2: 1644 pixels assigned
  GTV in MedSAM2: 716 pixels assigned
Saved visualization to C:/Users/MG/Desktop/STARDUST2/MedSAM-MedSAM2_MG2/results_inf_metric\2D\comparison\visualizations\case_27_Kopf_slice32.png

Processing slice 33
  Ground truth unique labels: [0 1 2 3 5 6 7]
  Label ID 1 in ground truth: 1080 pixels
  Label ID 2 in ground truth: 312 pixels
  Label ID 3 in ground truth: 4793 pixels
  Label ID 5 in ground truth: 4852 pixels
  Label ID 6 in ground truth: 15913 pixels
  Label ID 7 in ground truth: 12 pixels
  GTV in SAM2: 1543 pixels assigned
  GTV in MedSAM2: 1077 pixels assigned
Saved visualization to C:/Users/MG/Desktop/STARDUST2/MedSAM-MedSAM2_MG2/results_inf_metric\2D\comparison\visualizations\case_27_Kopf_slice33.png

Processing slice 34
  Ground truth unique labels: [0 1 2 3 5 6 7]
  Label ID 1 in ground truth: 939 pixels
  Label ID 2 in ground truth: 408 pixels
  Label ID 3 in ground truth: 4520 pixels
  Label ID 5 in ground truth: 4917 pixels
  Label ID 6 in ground truth: 15145 pixels
  Label ID 7 in ground truth: 2 pixels
  GTV in SAM2: 1151 pixels assigned
  GTV in MedSAM2: 936 pixels assigned
Saved visualization to C:/Users/MG/Desktop/STARDUST2/MedSAM-MedSAM2_MG2/results_inf_metric\2D\comparison\visualizations\case_27_Kopf_slice34.png
