Debug log for case_3_Kopf
Ground truth file: C:/Users/MG/Desktop/STARDUST2/MedSAM-MedSAM2_MG2/data/npz_files\case_3_Kopf.npz
SAM2 file: C:/Users/MG/Desktop/STARDUST2/MedSAM-MedSAM2_MG2/results_inf_seg\2D\sam2\case_3_Kopf.npz
MedSAM2 file: C:/Users/MG/Desktop/STARDUST2/MedSAM-MedSAM2_MG2/results_inf_seg\2D\medsam2\case_3_Kopf.npz

Ground truth file keys: ['imgs', 'spacing', 'gts', 'labels']
SAM2 file keys: ['1', 'GTV']
MedSAM2 file keys: ['1', 'GTV']

Processing slice 68
  Ground truth unique labels: [ 0  1  2  3  4  6  7  8  9 10]
  Label ID 1 in ground truth: 57 pixels
  Label ID 2 in ground truth: 229 pixels
  Label ID 3 in ground truth: 24434 pixels
  Label ID 4 in ground truth: 599 pixels
  Label ID 6 in ground truth: 4227 pixels
  Label ID 7 in ground truth: 1048 pixels
  Label ID 8 in ground truth: 2814 pixels
  Label ID 9 in ground truth: 10 pixels
  Label ID 10 in ground truth: 210 pixels
  GTV in SAM2: 5342 pixels assigned
  GTV in MedSAM2: 59 pixels assigned
Saved visualization to C:/Users/MG/Desktop/STARDUST2/MedSAM-MedSAM2_MG2/results_inf_metric\2D\comparison\visualizations\case_3_Kopf_slice68.png

Processing slice 74
  Ground truth unique labels: [ 0  1  2  3  4  6  7  8  9 10]
  Label ID 1 in ground truth: 153 pixels
  Label ID 2 in ground truth: 382 pixels
  Label ID 3 in ground truth: 23967 pixels
  Label ID 4 in ground truth: 716 pixels
  Label ID 6 in ground truth: 4227 pixels
  Label ID 7 in ground truth: 1048 pixels
  Label ID 8 in ground truth: 3571 pixels
  Label ID 9 in ground truth: 16 pixels
  Label ID 10 in ground truth: 263 pixels
  GTV in SAM2: 2398 pixels assigned
  GTV in MedSAM2: 152 pixels assigned
Saved visualization to C:/Users/MG/Desktop/STARDUST2/MedSAM-MedSAM2_MG2/results_inf_metric\2D\comparison\visualizations\case_3_Kopf_slice74.png

Processing slice 80
  Ground truth unique labels: [ 0  1  2  3  4  6  7  8  9 10 23]
  Label ID 1 in ground truth: 407 pixels
  Label ID 2 in ground truth: 465 pixels
  Label ID 3 in ground truth: 24031 pixels
  Label ID 4 in ground truth: 715 pixels
  Label ID 6 in ground truth: 4227 pixels
  Label ID 7 in ground truth: 1048 pixels
  Label ID 8 in ground truth: 3968 pixels
  Label ID 9 in ground truth: 15 pixels
  Label ID 10 in ground truth: 406 pixels
  Label ID 23 in ground truth: 53 pixels
  GTV in SAM2: 611 pixels assigned
  GTV in MedSAM2: 405 pixels assigned
Saved visualization to C:/Users/MG/Desktop/STARDUST2/MedSAM-MedSAM2_MG2/results_inf_metric\2D\comparison\visualizations\case_3_Kopf_slice80.png

Processing slice 86
  Ground truth unique labels: [ 0  1  2  3  4  5  6  7  8  9 10 24]
  Label ID 1 in ground truth: 501 pixels
  Label ID 2 in ground truth: 471 pixels
  Label ID 3 in ground truth: 23137 pixels
  Label ID 4 in ground truth: 1355 pixels
  Label ID 5 in ground truth: 586 pixels
  Label ID 6 in ground truth: 4227 pixels
  Label ID 7 in ground truth: 1048 pixels
  Label ID 8 in ground truth: 3726 pixels
  Label ID 9 in ground truth: 66 pixels
  Label ID 10 in ground truth: 597 pixels
  Label ID 24 in ground truth: 23 pixels
  GTV in SAM2: 2857 pixels assigned
  GTV in MedSAM2: 502 pixels assigned
Saved visualization to C:/Users/MG/Desktop/STARDUST2/MedSAM-MedSAM2_MG2/results_inf_metric\2D\comparison\visualizations\case_3_Kopf_slice86.png
