Debug log for case_20_Abdomen
Ground truth file: C:/Users/MG/Desktop/STARDUST2/MedSAM-MedSAM2_MG2/data/npz_files\case_20_Abdomen.npz
SAM2 file: C:/Users/MG/Desktop/STARDUST2/MedSAM-MedSAM2_MG2/results_inf_seg\2D\sam2\case_20_Abdomen.npz
MedSAM2 file: C:/Users/MG/Desktop/STARDUST2/MedSAM-MedSAM2_MG2/results_inf_seg\2D\medsam2\case_20_Abdomen.npz

Ground truth file keys: ['imgs', 'spacing', 'gts', 'labels']
SAM2 file keys: ['1', 'GTV']
MedSAM2 file keys: ['1', 'GTV']

Processing slice 98
  Ground truth unique labels: [0 1 2 3 7 8 9]
  Label ID 1 in ground truth: 184 pixels
  Label ID 2 in ground truth: 1248 pixels
  Label ID 3 in ground truth: 46470 pixels
  Label ID 7 in ground truth: 998 pixels
  Label ID 8 in ground truth: 315 pixels
  Label ID 9 in ground truth: 393 pixels
  GTV in SAM2: 988 pixels assigned
  GTV in MedSAM2: 176 pixels assigned
Saved visualization to C:/Users/MG/Desktop/STARDUST2/MedSAM-MedSAM2_MG2/results_inf_metric\2D\comparison\visualizations\case_20_Abdomen_slice98.png

Processing slice 103
  Ground truth unique labels: [0 1 2 3 9]
  Label ID 1 in ground truth: 502 pixels
  Label ID 2 in ground truth: 1858 pixels
  Label ID 3 in ground truth: 46715 pixels
  Label ID 9 in ground truth: 290 pixels
  GTV in SAM2: 1137 pixels assigned
  GTV in MedSAM2: 511 pixels assigned
Saved visualization to C:/Users/MG/Desktop/STARDUST2/MedSAM-MedSAM2_MG2/results_inf_metric\2D\comparison\visualizations\case_20_Abdomen_slice103.png

Processing slice 108
  Ground truth unique labels: [0 1 2 3 9]
  Label ID 1 in ground truth: 809 pixels
  Label ID 2 in ground truth: 1723 pixels
  Label ID 3 in ground truth: 46927 pixels
  Label ID 9 in ground truth: 342 pixels
  GTV in SAM2: 1015 pixels assigned
  GTV in MedSAM2: 798 pixels assigned
Saved visualization to C:/Users/MG/Desktop/STARDUST2/MedSAM-MedSAM2_MG2/results_inf_metric\2D\comparison\visualizations\case_20_Abdomen_slice108.png

Processing slice 113
  Ground truth unique labels: [0 1 2 3 4 5 6 9]
  Label ID 1 in ground truth: 646 pixels
  Label ID 2 in ground truth: 1708 pixels
  Label ID 3 in ground truth: 43139 pixels
  Label ID 4 in ground truth: 852 pixels
  Label ID 5 in ground truth: 2388 pixels
  Label ID 6 in ground truth: 1914 pixels
  Label ID 9 in ground truth: 240 pixels
  GTV in SAM2: 1335 pixels assigned
  GTV in MedSAM2: 628 pixels assigned
Saved visualization to C:/Users/MG/Desktop/STARDUST2/MedSAM-MedSAM2_MG2/results_inf_metric\2D\comparison\visualizations\case_20_Abdomen_slice113.png
