Debug log for case_5_Kopf
Ground truth file: C:/Users/MG/Desktop/STARDUST2/MedSAM-MedSAM2_MG2/data/npz_files\case_5_Kopf.npz
SAM2 file: C:/Users/MG/Desktop/STARDUST2/MedSAM-MedSAM2_MG2/results_inf_seg\2D\sam2\case_5_Kopf.npz
MedSAM2 file: C:/Users/MG/Desktop/STARDUST2/MedSAM-MedSAM2_MG2/results_inf_seg\2D\medsam2\case_5_Kopf.npz

Ground truth file keys: ['imgs', 'spacing', 'gts', 'labels']
SAM2 file keys: ['1', 'GTV']
MedSAM2 file keys: ['1', 'GTV']

Processing slice 139
  Ground truth unique labels: [0 1 2 3 4]
  Label ID 1 in ground truth: 96 pixels
  Label ID 2 in ground truth: 240 pixels
  Label ID 3 in ground truth: 16792 pixels
  Label ID 4 in ground truth: 22426 pixels
  GTV in SAM2: 27996 pixels assigned
  GTV in MedSAM2: 104 pixels assigned
Saved visualization to C:/Users/MG/Desktop/STARDUST2/MedSAM-MedSAM2_MG2/results_inf_metric\2D\comparison\visualizations\case_5_Kopf_slice139.png

Processing slice 145
  Ground truth unique labels: [0 1 2 3 4]
  Label ID 1 in ground truth: 527 pixels
  Label ID 2 in ground truth: 322 pixels
  Label ID 3 in ground truth: 16602 pixels
  Label ID 4 in ground truth: 21047 pixels
  GTV in SAM2: 21815 pixels assigned
  GTV in MedSAM2: 519 pixels assigned
Saved visualization to C:/Users/MG/Desktop/STARDUST2/MedSAM-MedSAM2_MG2/results_inf_metric\2D\comparison\visualizations\case_5_Kopf_slice145.png

Processing slice 151
  Ground truth unique labels: [0 1 2 3 4]
  Label ID 1 in ground truth: 739 pixels
  Label ID 2 in ground truth: 318 pixels
  Label ID 3 in ground truth: 17032 pixels
  Label ID 4 in ground truth: 19427 pixels
  GTV in SAM2: 16454 pixels assigned
  GTV in MedSAM2: 733 pixels assigned
Saved visualization to C:/Users/MG/Desktop/STARDUST2/MedSAM-MedSAM2_MG2/results_inf_metric\2D\comparison\visualizations\case_5_Kopf_slice151.png

Processing slice 157
  Ground truth unique labels: [0 1 2 3 4]
  Label ID 1 in ground truth: 368 pixels
  Label ID 2 in ground truth: 283 pixels
  Label ID 3 in ground truth: 16964 pixels
  Label ID 4 in ground truth: 17801 pixels
  GTV in SAM2: 28869 pixels assigned
  GTV in MedSAM2: 369 pixels assigned
Saved visualization to C:/Users/MG/Desktop/STARDUST2/MedSAM-MedSAM2_MG2/results_inf_metric\2D\comparison\visualizations\case_5_Kopf_slice157.png
