Debug log for case_88_Abdomen
Ground truth file: C:/Users/MG/Desktop/STARDUST2/MedSAM-MedSAM2_MG2/data/npz_files\case_88_Abdomen.npz
SAM2 file: C:/Users/MG/Desktop/STARDUST2/MedSAM-MedSAM2_MG2/results_inf_seg\2D\sam2\case_88_Abdomen.npz
MedSAM2 file: C:/Users/MG/Desktop/STARDUST2/MedSAM-MedSAM2_MG2/results_inf_seg\2D\medsam2\case_88_Abdomen.npz

Ground truth file keys: ['imgs', 'spacing', 'gts', 'labels']
SAM2 file keys: ['1', 'GTV']
MedSAM2 file keys: ['1', 'GTV']

Processing slice 45
  Ground truth unique labels: [ 0  1  2  3 11]
  Label ID 1 in ground truth: 105 pixels
  Label ID 2 in ground truth: 1780 pixels
  Label ID 3 in ground truth: 23485 pixels
  Label ID 11 in ground truth: 350 pixels
  GTV in SAM2: 948 pixels assigned
  GTV in MedSAM2: 124 pixels assigned
Saved visualization to C:/Users/MG/Desktop/STARDUST2/MedSAM-MedSAM2_MG2/results_inf_metric\2D\comparison\visualizations\case_88_Abdomen_slice45.png

Processing slice 48
  Ground truth unique labels: [ 0  1  2  3  9 11]
  Label ID 1 in ground truth: 973 pixels
  Label ID 2 in ground truth: 1819 pixels
  Label ID 3 in ground truth: 23685 pixels
  Label ID 9 in ground truth: 551 pixels
  Label ID 11 in ground truth: 330 pixels
  GTV in SAM2: 1252 pixels assigned
  GTV in MedSAM2: 947 pixels assigned
Saved visualization to C:/Users/MG/Desktop/STARDUST2/MedSAM-MedSAM2_MG2/results_inf_metric\2D\comparison\visualizations\case_88_Abdomen_slice48.png

Processing slice 51
  Ground truth unique labels: [ 0  1  2  3  8  9 11]
  Label ID 1 in ground truth: 1575 pixels
  Label ID 2 in ground truth: 1629 pixels
  Label ID 3 in ground truth: 22179 pixels
  Label ID 8 in ground truth: 425 pixels
  Label ID 9 in ground truth: 729 pixels
  Label ID 11 in ground truth: 381 pixels
  GTV in SAM2: 1745 pixels assigned
  GTV in MedSAM2: 1531 pixels assigned
Saved visualization to C:/Users/MG/Desktop/STARDUST2/MedSAM-MedSAM2_MG2/results_inf_metric\2D\comparison\visualizations\case_88_Abdomen_slice51.png

Processing slice 54
  Ground truth unique labels: [ 0  1  2  3  8  9 11]
  Label ID 1 in ground truth: 1646 pixels
  Label ID 2 in ground truth: 1487 pixels
  Label ID 3 in ground truth: 20459 pixels
  Label ID 8 in ground truth: 920 pixels
  Label ID 9 in ground truth: 1236 pixels
  Label ID 11 in ground truth: 343 pixels
  GTV in SAM2: 1734 pixels assigned
  GTV in MedSAM2: 1590 pixels assigned
Saved visualization to C:/Users/MG/Desktop/STARDUST2/MedSAM-MedSAM2_MG2/results_inf_metric\2D\comparison\visualizations\case_88_Abdomen_slice54.png
