Debug log for case_93_Thorax
Ground truth file: C:/Users/MG/Desktop/STARDUST2/MedSAM-MedSAM2_MG2/data/npz_files\case_93_Thorax.npz
SAM2 file: C:/Users/MG/Desktop/STARDUST2/MedSAM-MedSAM2_MG2/results_inf_seg\2D\sam2\case_93_Thorax.npz
MedSAM2 file: C:/Users/MG/Desktop/STARDUST2/MedSAM-MedSAM2_MG2/results_inf_seg\2D\medsam2\case_93_Thorax.npz

Ground truth file keys: ['imgs', 'spacing', 'gts', 'labels']
SAM2 file keys: ['1', 'GTV']
MedSAM2 file keys: ['1', 'GTV']

Processing slice 70
  Ground truth unique labels: [ 0  1  2  4  5  6  8  9 10]
  Label ID 1 in ground truth: 126 pixels
  Label ID 2 in ground truth: 761 pixels
  Label ID 4 in ground truth: 12932 pixels
  Label ID 5 in ground truth: 3825 pixels
  Label ID 6 in ground truth: 7781 pixels
  Label ID 8 in ground truth: 7120 pixels
  Label ID 9 in ground truth: 196 pixels
  Label ID 10 in ground truth: 99 pixels
  GTV in SAM2: 480 pixels assigned
  GTV in MedSAM2: 125 pixels assigned
Saved visualization to C:/Users/MG/Desktop/STARDUST2/MedSAM-MedSAM2_MG2/results_inf_metric\2D\comparison\visualizations\case_93_Thorax_slice70.png

Processing slice 72
  Ground truth unique labels: [ 0  1  2  4  5  6  8  9 10]
  Label ID 1 in ground truth: 278 pixels
  Label ID 2 in ground truth: 764 pixels
  Label ID 4 in ground truth: 12730 pixels
  Label ID 5 in ground truth: 3845 pixels
  Label ID 6 in ground truth: 8123 pixels
  Label ID 8 in ground truth: 6305 pixels
  Label ID 9 in ground truth: 193 pixels
  Label ID 10 in ground truth: 97 pixels
  GTV in SAM2: 544 pixels assigned
  GTV in MedSAM2: 271 pixels assigned
Saved visualization to C:/Users/MG/Desktop/STARDUST2/MedSAM-MedSAM2_MG2/results_inf_metric\2D\comparison\visualizations\case_93_Thorax_slice72.png

Processing slice 74
  Ground truth unique labels: [ 0  1  2  4  5  6  8  9 10]
  Label ID 1 in ground truth: 369 pixels
  Label ID 2 in ground truth: 780 pixels
  Label ID 4 in ground truth: 12465 pixels
  Label ID 5 in ground truth: 4201 pixels
  Label ID 6 in ground truth: 8567 pixels
  Label ID 8 in ground truth: 5631 pixels
  Label ID 9 in ground truth: 153 pixels
  Label ID 10 in ground truth: 94 pixels
  GTV in SAM2: 527 pixels assigned
  GTV in MedSAM2: 364 pixels assigned
Saved visualization to C:/Users/MG/Desktop/STARDUST2/MedSAM-MedSAM2_MG2/results_inf_metric\2D\comparison\visualizations\case_93_Thorax_slice74.png

Processing slice 76
  Ground truth unique labels: [ 0  1  2  4  5  6  9 10]
  Label ID 1 in ground truth: 201 pixels
  Label ID 2 in ground truth: 812 pixels
  Label ID 4 in ground truth: 12173 pixels
  Label ID 5 in ground truth: 3927 pixels
  Label ID 6 in ground truth: 8828 pixels
  Label ID 9 in ground truth: 172 pixels
  Label ID 10 in ground truth: 94 pixels
  GTV in SAM2: 786 pixels assigned
  GTV in MedSAM2: 208 pixels assigned
Saved visualization to C:/Users/MG/Desktop/STARDUST2/MedSAM-MedSAM2_MG2/results_inf_metric\2D\comparison\visualizations\case_93_Thorax_slice76.png
